INFO:root:Our first message.
INFO 2020-06-30 21:58:40,720 - Our first message.
INFO 2020-06-30 21:59:35,424 - Our first message.
INFO 2020-06-30 22:01:37,370 - Our first message.
DEBUG 2020-06-30 22:01:37,371 - This is a harmless debug message.
INFO 2020-06-30 22:01:37,371 - Just some useful info.
WARNING 2020-06-30 22:01:37,371 - I'm sorry, but I can't do that, Dave.
ERROR 2020-06-30 22:01:37,371 - Did you just try to divide by zero?
CRITICAL 2020-06-30 22:01:37,371 - The entire internet is down!!INFO 2020-06-30 22:06:52,513 - Our first message.
DEBUG 2020-06-30 22:06:52,529 - This is a harmless debug message.
INFO 2020-06-30 22:06:52,529 - Just some useful info.
WARNING 2020-06-30 22:06:52,530 - I'm sorry, but I can't do that, Dave.
ERROR 2020-06-30 22:06:52,530 - Did you just try to divide by zero?
CRITICAL 2020-06-30 22:06:52,530 - The entire internet is down!!
INFO 2020-06-30 22:06:52,530 - quadratic_formula(1, 0, -4)
DEBUG 2020-06-30 22:06:52,530 - # Compute the discriminant
DEBUG 2020-06-30 22:06:52,530 - # Compute the two roots
DEBUG 2020-06-30 22:06:52,530 - # Return the roots
INFO 2020-06-30 22:07:23,760 - Our first message.
DEBUG 2020-06-30 22:07:23,760 - This is a harmless debug message.
INFO 2020-06-30 22:07:23,760 - Just some useful info.
WARNING 2020-06-30 22:07:23,760 - I'm sorry, but I can't do that, Dave.
ERROR 2020-06-30 22:07:23,760 - Did you just try to divide by zero?
CRITICAL 2020-06-30 22:07:23,760 - The entire internet is down!!
INFO 2020-06-30 22:07:23,760 - quadratic_formula(1, 0, -4)
DEBUG 2020-06-30 22:07:23,760 - # Compute the discriminant
DEBUG 2020-06-30 22:07:23,761 - # Compute the two roots
DEBUG 2020-06-30 22:07:23,761 - # Return the roots
INFO 2020-06-30 22:07:23,761 - quadratic_formula(1, 0, 1)
DEBUG 2020-06-30 22:07:23,761 - # Compute the discriminant
DEBUG 2020-06-30 22:07:23,761 - # Compute the two roots
